app/build/outputs/mapping/release/seeds.txt
com.cleanup.todoc.database.AppDatabase_Impl
com.cleanup.todoc.ui.MainActivity
com.cleanup.todoc.database.AppDatabase
com.cleanup.todoc.database.AppDatabase_Impl: AppDatabase_Impl()
com.cleanup.todoc.ui.MainActivity$SortMethod: com.cleanup.todoc.ui.MainActivity$SortMethod[] values()
com.cleanup.todoc.ui.MainActivity$SortMethod: com.cleanup.todoc.ui.MainActivity$SortMethod valueOf(java.lang.String)
com.cleanup.todoc.ui.MainActivity: MainActivity()
com.cleanup.todoc.database.AppDatabase: AppDatabase()
...
com.google.android.material.textfield.TextInputLayout: void setPasswordVisibilityToggleContentDescription(int)
androidx.appcompat.widget.AppCompatCheckBox: android.content.res.ColorStateList getSupportButtonTintList()
androidx.appcompat.widget.AppCompatButton: android.content.res.ColorStateList getSupportBackgroundTintList()
com.google.android.material.textfield.TextInputLayout: void setPasswordVisibilityToggleTintMode(android.graphics.PorterDuff$Mode)
com.google.android.material.card.MaterialCardView: android.content.res.ColorStateList getStrokeColorStateList()
com.google.android.material.textfield.TextInputLayout: void setEndIconOnClickListener(android.view.View$OnClickListener)
com.google.android.material.button.MaterialButton: int getInsetTop()
androidx.appcompat.widget.AppCompatButton: void setSupportBackgroundTintList(android.content.res.ColorStateList)
com.google.android.material.card.MaterialCardView: android.graphics.RectF getBoundsAsRectF()
com.google.android.material.internal.NavigationMenuItemView: void setIconPadding(int)
com.google.android.material.floatingactionbutton.FloatingActionButton: int getSizeDimension()
androidx.appcompat.widget.Toolbar: void setTitleMarginStart(int)
androidx.appcompat.widget.AppCompatTextView: int getFirstBaselineToTopHeight()
com.google.android.material.textfield.TextInputLayout: void setBoxStrokeErrorColor(android.content.res.ColorStateList)
com.google.android.material.chip.Chip: void setChipIconTint(android.content.res.ColorStateList)
androidx.appcompat.widget.Toolbar: java.lang.CharSequence getNavigationContentDescription()
androidx.core.view.WindowInsetsCompat$Impl20: androidx.core.view.WindowInsetsCompat inset(int,int,int,int)
com.google.android.material.button.MaterialButton: int getStrokeWidth()
androidx.vectordrawable.graphics.drawable.VectorDrawableCompat$VFullPath: void setStrokeAlpha(float)
com.google.android.material.internal.FlowLayout: int getItemSpacing()
androidx.coordinatorlayout.widget.CoordinatorLayout$Behavior: CoordinatorLayout$Behavior(android.content.Context,android.util.AttributeSet)
androidx.appcompat.widget.AppCompatSpinner: void setDropDownVerticalOffset(int)
com.google.android.material.snackbar.BaseTransientBottomBar$SnackbarBaseLayout: float getActionTextColorAlpha()
com.google.android.material.chip.Chip: void setCloseIconTintResource(int)
com.google.android.material.circularreveal.CircularRevealFrameLayout: void setRevealInfo(com.google.android.material.circularreveal.CircularRevealWidget$RevealInfo)
com.google.android.material.bottomappbar.BottomAppBar: androidx.coordinatorlayout.widget.CoordinatorLayout$Behavior getBehavior()
com.google.android.material.chip.Chip: float getChipCornerRadius()
androidx.loader.app.LoaderManagerImpl$LoaderViewModel: LoaderManagerImpl$LoaderViewModel()
com.google.android.material.button.MaterialButton: void setShapeAppearanceModel(com.google.android.material.shape.ShapeAppearanceModel)
com.google.android.material.chip.Chip: com.google.android.material.resources.TextAppearance getTextAppearance()
androidx.appcompat.widget.Toolbar: void setLogo(int)
com.google.android.material.chip.Chip: void setShowMotionSpec(com.google.android.material.animation.MotionSpec)
androidx.appcompat.widget.SearchView: SearchView(android.content.Context)
androidx.constraintlayout.solver.widgets.analyzer.DependencyNode$Type: androidx.constraintlayout.solver.widgets.analyzer.DependencyNode$Type[] values()
androidx.appcompat.widget.AppCompatRadioButton: android.content.res.ColorStateList getSupportButtonTintList()
android.support.v4.app.RemoteActionCompatParcelizer: androidx.core.app.RemoteActionCompat read(androidx.versionedparcelable.VersionedParcel)
com.google.android.material.card.MaterialCardView: int getStrokeColor()
com.google.android.material.snackbar.BaseTransientBottomBar$SnackbarBaseLayout: void setOnClickListener(android.view.View$OnClickListener)