app/build/outputs/mapping/release/mapping.txt
# compiler: R8
# compiler_version: 3.0.69
# min_api: 21
# pg_map_id: dccf97b
# common_typos_disable
com.cleanup.todoc.database.AppDatabase -> com.cleanup.todoc.database.AppDatabase:
    com.cleanup.todoc.database.AppDatabase INSTANCE -> i
    1:1:androidx.room.RoomDatabase$Builder androidx.room.Room.databaseBuilder(android.content.Context,java.lang.Class,java.lang.String):0:0 -> h
    1:1:com.cleanup.todoc.database.AppDatabase getInstance(android.content.Context):0 -> h
    2:2:androidx.room.RoomDatabase$Callback prepopulateDatabase():0:0 -> h
    2:2:com.cleanup.todoc.database.AppDatabase getInstance(android.content.Context):0 -> h
    3:3:androidx.room.RoomDatabase$Builder androidx.room.RoomDatabase$Builder.addCallback(androidx.room.RoomDatabase$Callback):0:0 -> h
    3:3:com.cleanup.todoc.database.AppDatabase getInstance(android.content.Context):0 -> h
    4:4:com.cleanup.todoc.database.AppDatabase getInstance(android.content.Context):0:0 -> h
    com.cleanup.todoc.database.dao.ProjectDao projectDao() -> i
    com.cleanup.todoc.database.dao.TaskDao taskDao() -> j
com.cleanup.todoc.database.AppDatabase$1 -> a1.a:
    1:1:long com.cleanup.todoc.model.Project.getId():0:0 -> a
    1:1:void onCreate(androidx.sqlite.db.SupportSQLiteDatabase):0 -> a
    2:2:void onCreate(androidx.sqlite.db.SupportSQLiteDatabase):0:0 -> a
    3:3:java.lang.String com.cleanup.todoc.model.Project.getName():0:0 -> a
    3:3:void onCreate(androidx.sqlite.db.SupportSQLiteDatabase):0 -> a
    4:4:void onCreate(androidx.sqlite.db.SupportSQLiteDatabase):0:0 -> a
    5:5:int com.cleanup.todoc.model.Project.getColor():0:0 -> a
    5:5:void onCreate(androidx.sqlite.db.SupportSQLiteDatabase):0 -> a
    6:6:void onCreate(androidx.sqlite.db.SupportSQLiteDatabase):0:0 -> a
    7:7:long androidx.sqlite.db.framework.FrameworkSQLiteDatabase.insert(java.lang.String,int,android.content.ContentValues):0:0 -> a
    7:7:void onCreate(androidx.sqlite.db.SupportSQLiteDatabase):0 -> a
com.cleanup.todoc.database.AppDatabase_Impl -> com.cleanup.todoc.database.AppDatabase_Impl:
    com.cleanup.todoc.database.dao.TaskDao _taskDao -> j
    com.cleanup.todoc.database.dao.ProjectDao _projectDao -> k
    androidx.room.InvalidationTracker createInvalidationTracker() -> c
    1:1:androidx.sqlite.db.SupportSQLiteOpenHelper androidx.sqlite.db.framework.FrameworkSQLiteOpenHelperFactory.create(androidx.sqlite.db.SupportSQLiteOpenHelper$Configuration):0:0 -> d
    1:1:androidx.sqlite.db.SupportSQLiteOpenHelper createOpenHelper(androidx.room.DatabaseConfiguration):0 -> d
    2:2:androidx.sqlite.db.SupportSQLiteOpenHelper$Configuration androidx.sqlite.db.SupportSQLiteOpenHelper$Configuration$Builder.build():0:0 -> d
    2:2:androidx.sqlite.db.SupportSQLiteOpenHelper createOpenHelper(androidx.room.DatabaseConfiguration):0 -> d
    com.cleanup.todoc.database.dao.ProjectDao projectDao() -> i
    com.cleanup.todoc.database.dao.TaskDao taskDao() -> j
com.cleanup.todoc.database.AppDatabase_Impl$1 -> com.cleanup.todoc.database.AppDatabase_Impl$a:
    com.cleanup.todoc.database.AppDatabase_Impl this$0 -> b
    1:1:void androidx.sqlite.db.framework.FrameworkSQLiteDatabase.execSQL(java.lang.String):0:0 -> a
    1:1:void createAllTables(androidx.sqlite.db.SupportSQLiteDatabase):0 -> a
    2:2:void createAllTables(androidx.sqlite.db.SupportSQLiteDatabase):0:0 -> a
    3:3:void androidx.sqlite.db.framework.FrameworkSQLiteDatabase.execSQL(java.lang.String):0:0 -> a
    3:3:void createAllTables(androidx.sqlite.db.SupportSQLiteDatabase):0 -> a
com.cleanup.todoc.database.dao.ProjectDao -> b1.a:
com.cleanup.todoc.database.dao.ProjectDao_Impl -> b1.d:
    androidx.room.RoomDatabase __db -> a
    1:1:void androidx.room.SharedSQLiteStatement.<init>(androidx.room.RoomDatabase):0:0 -> <init>
    1:1:void androidx.room.EntityInsertionAdapter.<init>(androidx.room.RoomDatabase):0 -> <init>
    1:1:void com.cleanup.todoc.database.dao.ProjectDao_Impl$1.<init>(com.cleanup.todoc.database.dao.ProjectDao_Impl,androidx.room.RoomDatabase):0 -> <init>
    1:1:void <init>(androidx.room.RoomDatabase):0 -> <init>
...
com.google.android.material.chip.ChipGroup$CheckedStateTracker -> com.google.android.material.chip.ChipGroup$b:
    com.google.android.material.chip.ChipGroup this$0 -> a
    1:1:void <init>(com.google.android.material.chip.ChipGroup):0:0 -> <init>
    1:1:void <init>(com.google.android.material.chip.ChipGroup,com.google.android.material.chip.ChipGroup$1):0 -> <init>
    1:1:boolean com.google.android.material.chip.ChipGroup.access$300(com.google.android.material.chip.ChipGroup):0:0 -> onCheckedChanged
    1:1:void onCheckedChanged(android.widget.CompoundButton,boolean):0 -> onCheckedChanged
    2:2:void onCheckedChanged(android.widget.CompoundButton,boolean):0:0 -> onCheckedChanged
    3:3:boolean com.google.android.material.chip.ChipGroup.access$400(com.google.android.material.chip.ChipGroup):0:0 -> onCheckedChanged
    3:3:void onCheckedChanged(android.widget.CompoundButton,boolean):0 -> onCheckedChanged
    4:4:void onCheckedChanged(android.widget.CompoundButton,boolean):0:0 -> onCheckedChanged
    5:5:void com.google.android.material.chip.ChipGroup.access$500(com.google.android.material.chip.ChipGroup,int,boolean):0:0 -> onCheckedChanged
    5:5:void onCheckedChanged(android.widget.CompoundButton,boolean):0 -> onCheckedChanged
    6:6:void onCheckedChanged(android.widget.CompoundButton,boolean):0:0 -> onCheckedChanged
    7:7:void com.google.android.material.chip.ChipGroup.setCheckedId(int,boolean):0:0 -> onCheckedChanged
com.google.android.material.chip.ChipGroup$LayoutParams -> com.google.android.material.chip.ChipGroup$c:
com.google.android.material.chip.ChipGroup$OnCheckedChangeListener -> com.google.android.material.chip.ChipGroup$d:
    void onCheckedChanged(com.google.android.material.chip.ChipGroup,int) -> a
com.google.android.material.chip.ChipGroup$PassThroughHierarchyChangeListener -> com.google.android.material.chip.ChipGroup$e:
    android.view.ViewGroup$OnHierarchyChangeListener onHierarchyChangeListener -> a
    com.google.android.material.chip.ChipGroup this$0 -> b
    1:1:void <init>(com.google.android.material.chip.ChipGroup):0:0 -> <init>
    1:1:void <init>(com.google.android.material.chip.ChipGroup,com.google.android.material.chip.ChipGroup$1):0 -> <init>
    1:1:int androidx.core.view.ViewCompat.generateViewId():0:0 -> onChildViewAdded
    1:1:void onChildViewAdded(android.view.View,android.view.View):0 -> onChildViewAdded
    2:2:void onChildViewAdded(android.view.View,android.view.View):0:0 -> onChildViewAdded
    3:3:com.google.android.material.chip.ChipGroup$CheckedStateTracker com.google.android.material.chip.ChipGroup.access$1000(com.google.android.material.chip.ChipGroup):0:0 -> onChildViewAdded
    3:3:void onChildViewAdded(android.view.View,android.view.View):0 -> onChildViewAdded
    4:4:void onChildViewAdded(android.view.View,android.view.View):0:0 -> onChildViewAdded
com.google.android.material.circularreveal.CircularRevealCompat -> p1.b:
    android.animation.Animator createCircularReveal(com.google.android.material.circularreveal.CircularRevealWidget,float,float,float) -> a
com.google.android.material.circularreveal.CircularRevealCompat$1 -> p1.a:
    com.google.android.material.circularreveal.CircularRevealWidget val$view -> a
com.google.android.material.circularreveal.CircularRevealFrameLayout -> p1.c:
    void destroyCircularRevealCache() -> a
    void buildCircularRevealCache() -> b
com.google.android.material.circularreveal.CircularRevealWidget -> p1.d:
    void destroyCircularRevealCache() -> a
    void buildCircularRevealCache() -> b
com.google.android.material.circularreveal.CircularRevealWidget$1 -> p1.d$a: