app/build/outputs/mapping/release/usage.txt
com.cleanup.todoc.BuildConfig
com.cleanup.todoc.R$anim
com.cleanup.todoc.R$animator
com.cleanup.todoc.R$attr
com.cleanup.todoc.R$bool
com.cleanup.todoc.R$color
com.cleanup.todoc.R$dimen
com.cleanup.todoc.R$drawable
com.cleanup.todoc.R$id
com.cleanup.todoc.R$integer
com.cleanup.todoc.R$interpolator
com.cleanup.todoc.R$layout
com.cleanup.todoc.R$menu
com.cleanup.todoc.R$mipmap
com.cleanup.todoc.R$plurals
com.cleanup.todoc.R$string
com.cleanup.todoc.R$style
com.cleanup.todoc.R$styleable
com.cleanup.todoc.R$xml
com.cleanup.todoc.R
com.cleanup.todoc.database.AppDatabase_Impl:
    public void clearAllTables()
com.cleanup.todoc.database.dao.ProjectDao:
    public abstract void insertProject(com.cleanup.todoc.model.Project)
com.cleanup.todoc.database.dao.ProjectDao_Impl:
    public void insertProject(com.cleanup.todoc.model.Project)
com.cleanup.todoc.injections.Injection:
    public void <init>()
com.cleanup.todoc.database.AppDatabase:
    public static androidx.room.RoomDatabase$Callback prepopulateDatabase()
com.cleanup.todoc.database.AppDatabase_Impl$1:
    public void dropAllTables(androidx.sqlite.db.SupportSQLiteDatabase)
    public void onCreate(androidx.sqlite.db.SupportSQLiteDatabase)
    public void onOpen(androidx.sqlite.db.SupportSQLiteDatabase)
    public void validateMigration(androidx.sqlite.db.SupportSQLiteDatabase)
com.cleanup.todoc.database.AppDatabase_Impl:
    public static synthetic java.util.List access$000(com.cleanup.todoc.database.AppDatabase_Impl)
    public static synthetic java.util.List access$100(com.cleanup.todoc.database.AppDatabase_Impl)
    public static synthetic java.util.List access$200(com.cleanup.todoc.database.AppDatabase_Impl)
    public static synthetic androidx.sqlite.db.SupportSQLiteDatabase access$302(com.cleanup.todoc.database.AppDatabase_Impl,androidx.sqlite.db.SupportSQLiteDatabase)
    public static void access$400(com.cleanup.todoc.database.AppDatabase_Impl,androidx.sqlite.db.SupportSQLiteDatabase)
    public static synthetic java.util.List access$500(com.cleanup.todoc.database.AppDatabase_Impl)
    public static synthetic java.util.List access$600(com.cleanup.todoc.database.AppDatabase_Impl)
    public static synthetic java.util.List access$700(com.cleanup.todoc.database.AppDatabase_Impl)
com.cleanup.todoc.database.dao.ProjectDao:
    public abstract androidx.lifecycle.LiveData getProjects()
com.cleanup.todoc.database.dao.ProjectDao_Impl$1
com.cleanup.todoc.database.dao.ProjectDao_Impl$2:
    public java.util.List compute()
com.cleanup.todoc.database.dao.ProjectDao_Impl:
    public final androidx.room.EntityInsertionAdapter __insertionAdapterOfProject
    public static synthetic androidx.room.RoomDatabase access$000(com.cleanup.todoc.database.dao.ProjectDao_Impl)
    public androidx.lifecycle.LiveData getProjects()
com.cleanup.todoc.database.dao.TaskDao:
    public abstract void deleteTask(long)
    public abstract androidx.lifecycle.LiveData getTasks()
    public abstract void insertTask(com.cleanup.todoc.model.Task)
com.cleanup.todoc.database.dao.TaskDao_Impl$1:
    public final synthetic com.cleanup.todoc.database.dao.TaskDao_Impl this$0
    public void bind(androidx.sqlite.db.framework.FrameworkSQLiteStatement,com.cleanup.todoc.model.Task)
com.cleanup.todoc.database.dao.TaskDao_Impl$2:
    public final synthetic com.cleanup.todoc.database.dao.TaskDao_Impl this$0
com.cleanup.todoc.database.dao.TaskDao_Impl$3:
    public java.util.List compute()
com.cleanup.todoc.database.dao.TaskDao_Impl:
    public static synthetic androidx.room.RoomDatabase access$000(com.cleanup.todoc.database.dao.TaskDao_Impl)
    public void deleteTask(long)
    public androidx.lifecycle.LiveData getTasks()
    public void insertTask(com.cleanup.todoc.model.Task)
com.cleanup.todoc.injections.Injection
com.cleanup.todoc.model.Project:
    public int getColor()
    public long getId()
    public java.lang.String getName()
    public static com.cleanup.todoc.model.Project getProjectById(long)
...
com.google.android.material.datepicker.MaterialTextInputPicker$1:
    public void onIncompleteSelectionChanged()
com.google.android.material.datepicker.MaterialTextInputPicker:
    private static final java.lang.String CALENDAR_CONSTRAINTS_KEY
    private static final java.lang.String DATE_SELECTOR_KEY
    private static final java.lang.String THEME_RES_ID_KEY
    public com.google.android.material.datepicker.DateSelector getDateSelector()
com.google.android.material.datepicker.OnSelectionChangedListener:
    public void onIncompleteSelectionChanged()
com.google.android.material.datepicker.PickerFragment:
    abstract com.google.android.material.datepicker.DateSelector getDateSelector()
    boolean removeOnSelectionChangedListener(com.google.android.material.datepicker.OnSelectionChangedListener)
com.google.android.material.datepicker.RangeDateSelector$1
com.google.android.material.datepicker.RangeDateSelector$2
com.google.android.material.datepicker.RangeDateSelector$3
com.google.android.material.datepicker.RangeDateSelector
com.google.android.material.datepicker.SingleDateSelector$1
com.google.android.material.datepicker.SingleDateSelector$2
com.google.android.material.datepicker.SingleDateSelector
com.google.android.material.datepicker.SmoothCalendarLayoutManager:
    private static final float MILLISECONDS_PER_INCH
com.google.android.material.datepicker.TimeSource:
    static com.google.android.material.datepicker.TimeSource fixed(long)
    static com.google.android.material.datepicker.TimeSource fixed(long,java.util.TimeZone)
com.google.android.material.datepicker.UtcDates:
    static final java.lang.String UTC
    private void <init>()
    private static int findCharactersInDateFormatPattern(java.lang.String,java.lang.String,int,int)
    static android.icu.text.DateFormat getAbbrMonthDayFormat(java.util.Locale)
    static java.text.DateFormat getFullFormat()
    static java.text.DateFormat getMediumFormat()
    static java.text.DateFormat getMediumFormat(java.util.Locale)
    static java.text.DateFormat getMediumNoYear()
    static java.text.DateFormat getMediumNoYear(java.util.Locale)
    static java.text.SimpleDateFormat getSimpleFormat(java.lang.String)
    private static java.text.SimpleDateFormat getSimpleFormat(java.lang.String,java.util.Locale)
    static java.text.SimpleDateFormat getTextInputFormat()
    static java.lang.String getTextInputHint(android.content.res.Resources,java.text.SimpleDateFormat)
    static android.icu.text.DateFormat getYearAbbrMonthDayFormat(java.util.Locale)
    private static java.lang.String removeYearFromDateFormatPattern(java.lang.String)
    static void setTimeSource(com.google.android.material.datepicker.TimeSource)
com.google.android.material.dialog.MaterialAlertDialogBuilder
com.google.android.material.dialog.MaterialDialogs
com.google.android.material.drawable.DrawableUtils:
    private void <init>()
    public static android.util.AttributeSet parseDrawableXml(android.content.Context,int,java.lang.CharSequence)
    public static void setRippleDrawableRadius(android.graphics.drawable.RippleDrawable,int)
com.google.android.material.elevation.ElevationOverlayProvider:
    private static final float FORMULA_MULTIPLIER
    private static final float FORMULA_OFFSET
    public int calculateOverlayAlpha(float)
    public int compositeOverlay(int,float,android.view.View)
    public int compositeOverlayIfNeeded(int,float,android.view.View)
    public int compositeOverlayWithThemeSurfaceColorIfNeeded(float)
    public int compositeOverlayWithThemeSurfaceColorIfNeeded(float,android.view.View)
    public float getParentAbsoluteElevation(android.view.View)
    public int getThemeElevationOverlayColor()
    public int getThemeSurfaceColor()
com.google.android.material.expandable.ExpandableTransformationWidget
com.google.android.material.expandable.ExpandableWidget:
    public abstract boolean setExpanded(boolean)